<?xml version="1.0" encoding="UTF-8"?>
<!-- Generated by org.testng.reporters.JUnitXMLReporter -->
<testsuite hostname="VAPS" ignored="0" name="Pending Leave Request Tets case" tests="1" failures="0" timestamp="2020-03-29T14:51:30 IST" time="0.044" errors="0">
  <testcase name="@BeforeSuite launchBrowser" time="0.008" classname="commonFiles.CommonFunction">
    <failure type="java.lang.NullPointerException">
      <![CDATA[java.lang.NullPointerException
at commonFiles.CommonFunction.launchBrowser(CommonFunction.java:31)
... Removed 19 stack frames]]>
    </failure>
  </testcase> <!-- @BeforeSuite launchBrowser -->
  <testcase name="verifyPendingLeaves" time="0.0" classname="testCases.VerifyPendingLeaveRequest">
    <skipped/>
  </testcase> <!-- verifyPendingLeaves -->
</testsuite> <!-- Pending Leave Request Tets case -->
