<?xml version="1.0" encoding="UTF-8"?>
<!-- Generated by org.testng.reporters.JUnitXMLReporter -->
<testsuite hostname="VAPS" ignored="0" name="Test" tests="3" failures="0" timestamp="2020-09-24T23:25:16 IST" time="0.25" errors="0">
  <testcase name="Test2" time="0.188" classname="exambleForTestNgGroups.ExambleOfParallelExcecutinInTestNG"/>
  <testcase name="Test1" time="0.188" classname="exambleForTestNgGroups.ExambleOfParallelExcecutinInTestNG"/>
  <testcase name="Test3" time="0.188" classname="exambleForTestNgGroups.ExambleOfParallelExcecutinInTestNG"/>
</testsuite> <!-- Test -->
