<?xml version="1.0" encoding="UTF-8"?>
<testng-results skipped="0" failed="0" ignored="0" total="2" passed="2">
  <reporter-output>
  </reporter-output>
  <suite name="Default suite" duration-ms="31" started-at="2020-09-24T23:32:03 IST" finished-at="2020-09-24T23:32:03 IST">
    <groups>
    </groups>
    <test name="Default test" duration-ms="31" started-at="2020-09-24T23:32:03 IST" finished-at="2020-09-24T23:32:03 IST">
      <class name="exambleForTestNgGroups.ExambleHierachyTEstNG">
        <test-method status="PASS" signature="beforeSuite()[pri:0, instance:exambleForTestNgGroups.ExambleHierachyTEstNG@6e2c9341]" name="beforeSuite" is-config="true" duration-ms="16" started-at="2020-09-24T23:32:03 IST" finished-at="2020-09-24T23:32:03 IST">
          <reporter-output>
          </reporter-output>
        </test-method> <!-- beforeSuite -->
        <test-method status="PASS" signature="beforeTest()[pri:0, instance:exambleForTestNgGroups.ExambleHierachyTEstNG@6e2c9341]" name="beforeTest" is-config="true" duration-ms="0" started-at="2020-09-24T23:32:03 IST" finished-at="2020-09-24T23:32:03 IST">
          <reporter-output>
          </reporter-output>
        </test-method> <!-- beforeTest -->
        <test-method status="PASS" signature="beforeClass()[pri:0, instance:exambleForTestNgGroups.ExambleHierachyTEstNG@6e2c9341]" name="beforeClass" is-config="true" duration-ms="0" started-at="2020-09-24T23:32:03 IST" finished-at="2020-09-24T23:32:03 IST">
          <reporter-output>
          </reporter-output>
        </test-method> <!-- beforeClass -->
        <test-method status="PASS" signature="beforeMethod()[pri:0, instance:exambleForTestNgGroups.ExambleHierachyTEstNG@6e2c9341]" name="beforeMethod" is-config="true" duration-ms="0" started-at="2020-09-24T23:32:03 IST" finished-at="2020-09-24T23:32:03 IST">
          <reporter-output>
          </reporter-output>
        </test-method> <!-- beforeMethod -->
        <test-method status="PASS" signature="FirstTest()[pri:0, instance:exambleForTestNgGroups.ExambleHierachyTEstNG@6e2c9341]" name="FirstTest" duration-ms="0" started-at="2020-09-24T23:32:03 IST" finished-at="2020-09-24T23:32:03 IST">
          <reporter-output>
          </reporter-output>
        </test-method> <!-- FirstTest -->
        <test-method status="PASS" signature="SecondTest()[pri:0, instance:exambleForTestNgGroups.ExambleHierachyTEstNG@6e2c9341]" name="SecondTest" duration-ms="0" started-at="2020-09-24T23:32:03 IST" finished-at="2020-09-24T23:32:03 IST">
          <reporter-output>
          </reporter-output>
        </test-method> <!-- SecondTest -->
        <test-method status="PASS" signature="afterTest()[pri:0, instance:exambleForTestNgGroups.ExambleHierachyTEstNG@6e2c9341]" name="afterTest" is-config="true" duration-ms="0" started-at="2020-09-24T23:32:03 IST" finished-at="2020-09-24T23:32:03 IST">
          <reporter-output>
          </reporter-output>
        </test-method> <!-- afterTest -->
        <test-method status="PASS" signature="afterMethod()[pri:0, instance:exambleForTestNgGroups.ExambleHierachyTEstNG@6e2c9341]" name="afterMethod" is-config="true" duration-ms="0" started-at="2020-09-24T23:32:03 IST" finished-at="2020-09-24T23:32:03 IST">
          <reporter-output>
          </reporter-output>
        </test-method> <!-- afterMethod -->
        <test-method status="PASS" signature="beforeMethod()[pri:0, instance:exambleForTestNgGroups.ExambleHierachyTEstNG@6e2c9341]" name="beforeMethod" is-config="true" duration-ms="0" started-at="2020-09-24T23:32:03 IST" finished-at="2020-09-24T23:32:03 IST">
          <reporter-output>
          </reporter-output>
        </test-method> <!-- beforeMethod -->
        <test-method status="PASS" signature="afterClass()[pri:0, instance:exambleForTestNgGroups.ExambleHierachyTEstNG@6e2c9341]" name="afterClass" is-config="true" duration-ms="0" started-at="2020-09-24T23:32:03 IST" finished-at="2020-09-24T23:32:03 IST">
          <reporter-output>
          </reporter-output>
        </test-method> <!-- afterClass -->
        <test-method status="PASS" signature="afterMethod()[pri:0, instance:exambleForTestNgGroups.ExambleHierachyTEstNG@6e2c9341]" name="afterMethod" is-config="true" duration-ms="0" started-at="2020-09-24T23:32:03 IST" finished-at="2020-09-24T23:32:03 IST">
          <reporter-output>
          </reporter-output>
        </test-method> <!-- afterMethod -->
        <test-method status="PASS" signature="afterSuite()[pri:0, instance:exambleForTestNgGroups.ExambleHierachyTEstNG@6e2c9341]" name="afterSuite" is-config="true" duration-ms="0" started-at="2020-09-24T23:32:03 IST" finished-at="2020-09-24T23:32:03 IST">
          <reporter-output>
          </reporter-output>
        </test-method> <!-- afterSuite -->
      </class> <!-- exambleForTestNgGroups.ExambleHierachyTEstNG -->
    </test> <!-- Default test -->
  </suite> <!-- Default suite -->
</testng-results>
